15/07/25 16:16:46 Xvnc version TightVNC-1.3.10
15/07/25 16:16:46 Copyright (C) 2000-2009 TightVNC Group
15/07/25 16:16:46 Copyright (C) 1999 AT&T Laboratories Cambridge
15/07/25 16:16:46 All Rights Reserved.
15/07/25 16:16:46 See http://www.tightvnc.com/ for information on TightVNC
15/07/25 16:16:46 Desktop name 'X' (buildkitsandbox:1)
15/07/25 16:16:46 Protocol versions supported: 3.3, 3.7, 3.8, 3.7t, 3.8t
15/07/25 16:16:46 Listening for VNC connections on TCP port 5901
Font directory '/usr/share/fonts/X11/Type1/' not found - ignoring
/root/.vnc/xstartup: 13: vncconfig: not found
/root/.vnc/xstartup: 19: gnome-settings-daemon: not found
gnome-session-binary[146]: DEBUG(+): Enabling debugging
gnome-session-binary[146]: DEBUG(+): hardware acceleration check is disabled
gnome-session-binary[146]: DEBUG(+): Could not make systemd aware of GNOME_DESKTOP_SESSION_ID=this-is-deprecated environment variable: GDBus.Error:org.freedesktop.DBus.Error.Spawn.ChildExited: Process org.freedesktop.systemd1 exited with status 1
gnome-session-binary[146]: DEBUG(+): Could not make systemd aware of XDG_MENU_PREFIX=gnome- environment variable: GDBus.Error:org.freedesktop.DBus.Error.Spawn.ChildExited: Process org.freedesktop.systemd1 exited with status 1
gnome-session-binary[146]: ERROR: Failed to connect to system bus: Could not connect: No such file or directory
aborting...
metacity-Message: 16:16:47.706: could not find XKB extension.

(metacity:151): metacity-WARNING **: 16:16:47.714: Failed to create compositor: Missing composite extension required for compositing

(gnome-panel:149): gnome-panel-WARNING **: 16:16:50.748: Failed to register client: GDBus.Error:org.freedesktop.DBus.Error.ServiceUnknown: The name org.gnome.SessionManager was not provided by any .service files

** (org.gnome.Nautilus:147): WARNING **: 16:16:51.022: Unable to get contents of the bookmarks file: Error opening file /root/.gtk-bookmarks: No such file or directory

** (org.gnome.Nautilus:147): WARNING **: 16:16:51.023: Unable to get contents of the bookmarks file: Error opening file /root/.gtk-bookmarks: No such file or directory
